CRITICAL - 2020-11-07 14:54:00 --> Class 'App\Controllers\BaseController' not found
#0 /opt/lampp/htdocs/TuringMachine/system/Autoloader/Autoloader.php(365): require_once()
#1 /opt/lampp/htdocs/TuringMachine/system/Autoloader/Autoloader.php(296): CodeIgniter\Autoloader\Autoloader->requireFile('/opt/lampp/htdo...')
#2 /opt/lampp/htdocs/TuringMachine/system/Autoloader/Autoloader.php(258): CodeIgniter\Autoloader\Autoloader->loadInNamespace('App\\Controllers...')
#3 [internal function]: CodeIgniter\Autoloader\Autoloader->loadClass('App\\Controllers...')
#4 [internal function]: spl_autoload_call('App\\Controllers...')
#5 /opt/lampp/htdocs/TuringMachine/system/CodeIgniter.php(869): class_exists('\\App\\Controller...', true)
#6 /opt/lampp/htdocs/TuringMachine/system/CodeIgniter.php(394): CodeIgniter\CodeIgniter->startController()
#7 /opt/lampp/htdocs/TuringMachine/system/CodeIgniter.php(312): CodeIgniter\CodeIgniter->handleRequest(NULL, Object(Config\Cache), false)
#8 /opt/lampp/htdocs/TuringMachine/public/index.php(45): CodeIgniter\CodeIgniter->run()
#9 {main}
CRITICAL - 2020-11-07 14:54:00 --> Class 'App\Controllers\BaseController' not found
#0 /opt/lampp/htdocs/TuringMachine/system/Autoloader/Autoloader.php(365): require_once()
#1 /opt/lampp/htdocs/TuringMachine/system/Autoloader/Autoloader.php(296): CodeIgniter\Autoloader\Autoloader->requireFile('/opt/lampp/htdo...')
#2 /opt/lampp/htdocs/TuringMachine/system/Autoloader/Autoloader.php(258): CodeIgniter\Autoloader\Autoloader->loadInNamespace('App\\Controllers...')
#3 [internal function]: CodeIgniter\Autoloader\Autoloader->loadClass('App\\Controllers...')
#4 [internal function]: spl_autoload_call('App\\Controllers...')
#5 /opt/lampp/htdocs/TuringMachine/system/CodeIgniter.php(869): class_exists('\\App\\Controller...', true)
#6 /opt/lampp/htdocs/TuringMachine/system/CodeIgniter.php(394): CodeIgniter\CodeIgniter->startController()
#7 /opt/lampp/htdocs/TuringMachine/system/CodeIgniter.php(312): CodeIgniter\CodeIgniter->handleRequest(NULL, Object(Config\Cache), false)
#8 /opt/lampp/htdocs/TuringMachine/public/index.php(45): CodeIgniter\CodeIgniter->run()
#9 {main}
CRITICAL - 2020-11-07 14:54:01 --> Class 'App\Controllers\BaseController' not found
#0 /opt/lampp/htdocs/TuringMachine/system/Autoloader/Autoloader.php(365): require_once()
#1 /opt/lampp/htdocs/TuringMachine/system/Autoloader/Autoloader.php(296): CodeIgniter\Autoloader\Autoloader->requireFile('/opt/lampp/htdo...')
#2 /opt/lampp/htdocs/TuringMachine/system/Autoloader/Autoloader.php(258): CodeIgniter\Autoloader\Autoloader->loadInNamespace('App\\Controllers...')
#3 [internal function]: CodeIgniter\Autoloader\Autoloader->loadClass('App\\Controllers...')
#4 [internal function]: spl_autoload_call('App\\Controllers...')
#5 /opt/lampp/htdocs/TuringMachine/system/CodeIgniter.php(869): class_exists('\\App\\Controller...', true)
#6 /opt/lampp/htdocs/TuringMachine/system/CodeIgniter.php(394): CodeIgniter\CodeIgniter->startController()
#7 /opt/lampp/htdocs/TuringMachine/system/CodeIgniter.php(312): CodeIgniter\CodeIgniter->handleRequest(NULL, Object(Config\Cache), false)
#8 /opt/lampp/htdocs/TuringMachine/public/index.php(45): CodeIgniter\CodeIgniter->run()
#9 {main}
CRITICAL - 2020-11-07 14:54:01 --> Class 'App\Controllers\BaseController' not found
#0 /opt/lampp/htdocs/TuringMachine/system/Autoloader/Autoloader.php(365): require_once()
#1 /opt/lampp/htdocs/TuringMachine/system/Autoloader/Autoloader.php(296): CodeIgniter\Autoloader\Autoloader->requireFile('/opt/lampp/htdo...')
#2 /opt/lampp/htdocs/TuringMachine/system/Autoloader/Autoloader.php(258): CodeIgniter\Autoloader\Autoloader->loadInNamespace('App\\Controllers...')
#3 [internal function]: CodeIgniter\Autoloader\Autoloader->loadClass('App\\Controllers...')
#4 [internal function]: spl_autoload_call('App\\Controllers...')
#5 /opt/lampp/htdocs/TuringMachine/system/CodeIgniter.php(869): class_exists('\\App\\Controller...', true)
#6 /opt/lampp/htdocs/TuringMachine/system/CodeIgniter.php(394): CodeIgniter\CodeIgniter->startController()
#7 /opt/lampp/htdocs/TuringMachine/system/CodeIgniter.php(312): CodeIgniter\CodeIgniter->handleRequest(NULL, Object(Config\Cache), false)
#8 /opt/lampp/htdocs/TuringMachine/public/index.php(45): CodeIgniter\CodeIgniter->run()
#9 {main}
CRITICAL - 2020-11-07 14:54:01 --> Class 'App\Controllers\BaseController' not found
#0 /opt/lampp/htdocs/TuringMachine/system/Autoloader/Autoloader.php(365): require_once()
#1 /opt/lampp/htdocs/TuringMachine/system/Autoloader/Autoloader.php(296): CodeIgniter\Autoloader\Autoloader->requireFile('/opt/lampp/htdo...')
#2 /opt/lampp/htdocs/TuringMachine/system/Autoloader/Autoloader.php(258): CodeIgniter\Autoloader\Autoloader->loadInNamespace('App\\Controllers...')
#3 [internal function]: CodeIgniter\Autoloader\Autoloader->loadClass('App\\Controllers...')
#4 [internal function]: spl_autoload_call('App\\Controllers...')
#5 /opt/lampp/htdocs/TuringMachine/system/CodeIgniter.php(869): class_exists('\\App\\Controller...', true)
#6 /opt/lampp/htdocs/TuringMachine/system/CodeIgniter.php(394): CodeIgniter\CodeIgniter->startController()
#7 /opt/lampp/htdocs/TuringMachine/system/CodeIgniter.php(312): CodeIgniter\CodeIgniter->handleRequest(NULL, Object(Config\Cache), false)
#8 /opt/lampp/htdocs/TuringMachine/public/index.php(45): CodeIgniter\CodeIgniter->run()
#9 {main}
CRITICAL - 2020-11-07 14:54:01 --> Class 'App\Controllers\BaseController' not found
#0 /opt/lampp/htdocs/TuringMachine/system/Autoloader/Autoloader.php(365): require_once()
#1 /opt/lampp/htdocs/TuringMachine/system/Autoloader/Autoloader.php(296): CodeIgniter\Autoloader\Autoloader->requireFile('/opt/lampp/htdo...')
#2 /opt/lampp/htdocs/TuringMachine/system/Autoloader/Autoloader.php(258): CodeIgniter\Autoloader\Autoloader->loadInNamespace('App\\Controllers...')
#3 [internal function]: CodeIgniter\Autoloader\Autoloader->loadClass('App\\Controllers...')
#4 [internal function]: spl_autoload_call('App\\Controllers...')
#5 /opt/lampp/htdocs/TuringMachine/system/CodeIgniter.php(869): class_exists('\\App\\Controller...', true)
#6 /opt/lampp/htdocs/TuringMachine/system/CodeIgniter.php(394): CodeIgniter\CodeIgniter->startController()
#7 /opt/lampp/htdocs/TuringMachine/system/CodeIgniter.php(312): CodeIgniter\CodeIgniter->handleRequest(NULL, Object(Config\Cache), false)
#8 /opt/lampp/htdocs/TuringMachine/public/index.php(45): CodeIgniter\CodeIgniter->run()
#9 {main}
CRITICAL - 2020-11-07 14:54:01 --> Class 'App\Controllers\BaseController' not found
#0 /opt/lampp/htdocs/TuringMachine/system/Autoloader/Autoloader.php(365): require_once()
#1 /opt/lampp/htdocs/TuringMachine/system/Autoloader/Autoloader.php(296): CodeIgniter\Autoloader\Autoloader->requireFile('/opt/lampp/htdo...')
#2 /opt/lampp/htdocs/TuringMachine/system/Autoloader/Autoloader.php(258): CodeIgniter\Autoloader\Autoloader->loadInNamespace('App\\Controllers...')
#3 [internal function]: CodeIgniter\Autoloader\Autoloader->loadClass('App\\Controllers...')
#4 [internal function]: spl_autoload_call('App\\Controllers...')
#5 /opt/lampp/htdocs/TuringMachine/system/CodeIgniter.php(869): class_exists('\\App\\Controller...', true)
#6 /opt/lampp/htdocs/TuringMachine/system/CodeIgniter.php(394): CodeIgniter\CodeIgniter->startController()
#7 /opt/lampp/htdocs/TuringMachine/system/CodeIgniter.php(312): CodeIgniter\CodeIgniter->handleRequest(NULL, Object(Config\Cache), false)
#8 /opt/lampp/htdocs/TuringMachine/public/index.php(45): CodeIgniter\CodeIgniter->run()
#9 {main}
CRITICAL - 2020-11-07 14:54:02 --> Class 'App\Controllers\BaseController' not found
#0 /opt/lampp/htdocs/TuringMachine/system/Autoloader/Autoloader.php(365): require_once()
#1 /opt/lampp/htdocs/TuringMachine/system/Autoloader/Autoloader.php(296): CodeIgniter\Autoloader\Autoloader->requireFile('/opt/lampp/htdo...')
#2 /opt/lampp/htdocs/TuringMachine/system/Autoloader/Autoloader.php(258): CodeIgniter\Autoloader\Autoloader->loadInNamespace('App\\Controllers...')
#3 [internal function]: CodeIgniter\Autoloader\Autoloader->loadClass('App\\Controllers...')
#4 [internal function]: spl_autoload_call('App\\Controllers...')
#5 /opt/lampp/htdocs/TuringMachine/system/CodeIgniter.php(869): class_exists('\\App\\Controller...', true)
#6 /opt/lampp/htdocs/TuringMachine/system/CodeIgniter.php(394): CodeIgniter\CodeIgniter->startController()
#7 /opt/lampp/htdocs/TuringMachine/system/CodeIgniter.php(312): CodeIgniter\CodeIgniter->handleRequest(NULL, Object(Config\Cache), false)
#8 /opt/lampp/htdocs/TuringMachine/public/index.php(45): CodeIgniter\CodeIgniter->run()
#9 {main}
CRITICAL - 2020-11-07 14:54:02 --> Class 'App\Controllers\BaseController' not found
#0 /opt/lampp/htdocs/TuringMachine/system/Autoloader/Autoloader.php(365): require_once()
#1 /opt/lampp/htdocs/TuringMachine/system/Autoloader/Autoloader.php(296): CodeIgniter\Autoloader\Autoloader->requireFile('/opt/lampp/htdo...')
#2 /opt/lampp/htdocs/TuringMachine/system/Autoloader/Autoloader.php(258): CodeIgniter\Autoloader\Autoloader->loadInNamespace('App\\Controllers...')
#3 [internal function]: CodeIgniter\Autoloader\Autoloader->loadClass('App\\Controllers...')
#4 [internal function]: spl_autoload_call('App\\Controllers...')
#5 /opt/lampp/htdocs/TuringMachine/system/CodeIgniter.php(869): class_exists('\\App\\Controller...', true)
#6 /opt/lampp/htdocs/TuringMachine/system/CodeIgniter.php(394): CodeIgniter\CodeIgniter->startController()
#7 /opt/lampp/htdocs/TuringMachine/system/CodeIgniter.php(312): CodeIgniter\CodeIgniter->handleRequest(NULL, Object(Config\Cache), false)
#8 /opt/lampp/htdocs/TuringMachine/public/index.php(45): CodeIgniter\CodeIgniter->run()
#9 {main}
CRITICAL - 2020-11-07 14:54:02 --> Class 'App\Controllers\BaseController' not found
#0 /opt/lampp/htdocs/TuringMachine/system/Autoloader/Autoloader.php(365): require_once()
#1 /opt/lampp/htdocs/TuringMachine/system/Autoloader/Autoloader.php(296): CodeIgniter\Autoloader\Autoloader->requireFile('/opt/lampp/htdo...')
#2 /opt/lampp/htdocs/TuringMachine/system/Autoloader/Autoloader.php(258): CodeIgniter\Autoloader\Autoloader->loadInNamespace('App\\Controllers...')
#3 [internal function]: CodeIgniter\Autoloader\Autoloader->loadClass('App\\Controllers...')
#4 [internal function]: spl_autoload_call('App\\Controllers...')
#5 /opt/lampp/htdocs/TuringMachine/system/CodeIgniter.php(869): class_exists('\\App\\Controller...', true)
#6 /opt/lampp/htdocs/TuringMachine/system/CodeIgniter.php(394): CodeIgniter\CodeIgniter->startController()
#7 /opt/lampp/htdocs/TuringMachine/system/CodeIgniter.php(312): CodeIgniter\CodeIgniter->handleRequest(NULL, Object(Config\Cache), false)
#8 /opt/lampp/htdocs/TuringMachine/public/index.php(45): CodeIgniter\CodeIgniter->run()
#9 {main}
CRITICAL - 2020-11-07 14:54:10 --> Class 'App\Controllers\BaseController' not found
#0 /opt/lampp/htdocs/TuringMachine/system/Autoloader/Autoloader.php(365): require_once()
#1 /opt/lampp/htdocs/TuringMachine/system/Autoloader/Autoloader.php(296): CodeIgniter\Autoloader\Autoloader->requireFile('/opt/lampp/htdo...')
#2 /opt/lampp/htdocs/TuringMachine/system/Autoloader/Autoloader.php(258): CodeIgniter\Autoloader\Autoloader->loadInNamespace('App\\Controllers...')
#3 [internal function]: CodeIgniter\Autoloader\Autoloader->loadClass('App\\Controllers...')
#4 [internal function]: spl_autoload_call('App\\Controllers...')
#5 /opt/lampp/htdocs/TuringMachine/system/CodeIgniter.php(869): class_exists('\\App\\Controller...', true)
#6 /opt/lampp/htdocs/TuringMachine/system/CodeIgniter.php(394): CodeIgniter\CodeIgniter->startController()
#7 /opt/lampp/htdocs/TuringMachine/system/CodeIgniter.php(312): CodeIgniter\CodeIgniter->handleRequest(NULL, Object(Config\Cache), false)
#8 /opt/lampp/htdocs/TuringMachine/public/index.php(45): CodeIgniter\CodeIgniter->run()
#9 {main}
CRITICAL - 2020-11-07 14:54:10 --> Class 'App\Controllers\BaseController' not found
#0 /opt/lampp/htdocs/TuringMachine/system/Autoloader/Autoloader.php(365): require_once()
#1 /opt/lampp/htdocs/TuringMachine/system/Autoloader/Autoloader.php(296): CodeIgniter\Autoloader\Autoloader->requireFile('/opt/lampp/htdo...')
#2 /opt/lampp/htdocs/TuringMachine/system/Autoloader/Autoloader.php(258): CodeIgniter\Autoloader\Autoloader->loadInNamespace('App\\Controllers...')
#3 [internal function]: CodeIgniter\Autoloader\Autoloader->loadClass('App\\Controllers...')
#4 [internal function]: spl_autoload_call('App\\Controllers...')
#5 /opt/lampp/htdocs/TuringMachine/system/CodeIgniter.php(869): class_exists('\\App\\Controller...', true)
#6 /opt/lampp/htdocs/TuringMachine/system/CodeIgniter.php(394): CodeIgniter\CodeIgniter->startController()
#7 /opt/lampp/htdocs/TuringMachine/system/CodeIgniter.php(312): CodeIgniter\CodeIgniter->handleRequest(NULL, Object(Config\Cache), false)
#8 /opt/lampp/htdocs/TuringMachine/public/index.php(45): CodeIgniter\CodeIgniter->run()
#9 {main}
CRITICAL - 2020-11-07 14:54:11 --> Class 'App\Controllers\BaseController' not found
#0 /opt/lampp/htdocs/TuringMachine/system/Autoloader/Autoloader.php(365): require_once()
#1 /opt/lampp/htdocs/TuringMachine/system/Autoloader/Autoloader.php(296): CodeIgniter\Autoloader\Autoloader->requireFile('/opt/lampp/htdo...')
#2 /opt/lampp/htdocs/TuringMachine/system/Autoloader/Autoloader.php(258): CodeIgniter\Autoloader\Autoloader->loadInNamespace('App\\Controllers...')
#3 [internal function]: CodeIgniter\Autoloader\Autoloader->loadClass('App\\Controllers...')
#4 [internal function]: spl_autoload_call('App\\Controllers...')
#5 /opt/lampp/htdocs/TuringMachine/system/CodeIgniter.php(869): class_exists('\\App\\Controller...', true)
#6 /opt/lampp/htdocs/TuringMachine/system/CodeIgniter.php(394): CodeIgniter\CodeIgniter->startController()
#7 /opt/lampp/htdocs/TuringMachine/system/CodeIgniter.php(312): CodeIgniter\CodeIgniter->handleRequest(NULL, Object(Config\Cache), false)
#8 /opt/lampp/htdocs/TuringMachine/public/index.php(45): CodeIgniter\CodeIgniter->run()
#9 {main}
CRITICAL - 2020-11-07 14:54:11 --> Class 'App\Controllers\BaseController' not found
#0 /opt/lampp/htdocs/TuringMachine/system/Autoloader/Autoloader.php(365): require_once()
#1 /opt/lampp/htdocs/TuringMachine/system/Autoloader/Autoloader.php(296): CodeIgniter\Autoloader\Autoloader->requireFile('/opt/lampp/htdo...')
#2 /opt/lampp/htdocs/TuringMachine/system/Autoloader/Autoloader.php(258): CodeIgniter\Autoloader\Autoloader->loadInNamespace('App\\Controllers...')
#3 [internal function]: CodeIgniter\Autoloader\Autoloader->loadClass('App\\Controllers...')
#4 [internal function]: spl_autoload_call('App\\Controllers...')
#5 /opt/lampp/htdocs/TuringMachine/system/CodeIgniter.php(869): class_exists('\\App\\Controller...', true)
#6 /opt/lampp/htdocs/TuringMachine/system/CodeIgniter.php(394): CodeIgniter\CodeIgniter->startController()
#7 /opt/lampp/htdocs/TuringMachine/system/CodeIgniter.php(312): CodeIgniter\CodeIgniter->handleRequest(NULL, Object(Config\Cache), false)
#8 /opt/lampp/htdocs/TuringMachine/public/index.php(45): CodeIgniter\CodeIgniter->run()
#9 {main}
CRITICAL - 2020-11-07 14:54:11 --> Class 'App\Controllers\BaseController' not found
#0 /opt/lampp/htdocs/TuringMachine/system/Autoloader/Autoloader.php(365): require_once()
#1 /opt/lampp/htdocs/TuringMachine/system/Autoloader/Autoloader.php(296): CodeIgniter\Autoloader\Autoloader->requireFile('/opt/lampp/htdo...')
#2 /opt/lampp/htdocs/TuringMachine/system/Autoloader/Autoloader.php(258): CodeIgniter\Autoloader\Autoloader->loadInNamespace('App\\Controllers...')
#3 [internal function]: CodeIgniter\Autoloader\Autoloader->loadClass('App\\Controllers...')
#4 [internal function]: spl_autoload_call('App\\Controllers...')
#5 /opt/lampp/htdocs/TuringMachine/system/CodeIgniter.php(869): class_exists('\\App\\Controller...', true)
#6 /opt/lampp/htdocs/TuringMachine/system/CodeIgniter.php(394): CodeIgniter\CodeIgniter->startController()
#7 /opt/lampp/htdocs/TuringMachine/system/CodeIgniter.php(312): CodeIgniter\CodeIgniter->handleRequest(NULL, Object(Config\Cache), false)
#8 /opt/lampp/htdocs/TuringMachine/public/index.php(45): CodeIgniter\CodeIgniter->run()
#9 {main}
CRITICAL - 2020-11-07 14:54:11 --> Class 'App\Controllers\BaseController' not found
#0 /opt/lampp/htdocs/TuringMachine/system/Autoloader/Autoloader.php(365): require_once()
#1 /opt/lampp/htdocs/TuringMachine/system/Autoloader/Autoloader.php(296): CodeIgniter\Autoloader\Autoloader->requireFile('/opt/lampp/htdo...')
#2 /opt/lampp/htdocs/TuringMachine/system/Autoloader/Autoloader.php(258): CodeIgniter\Autoloader\Autoloader->loadInNamespace('App\\Controllers...')
#3 [internal function]: CodeIgniter\Autoloader\Autoloader->loadClass('App\\Controllers...')
#4 [internal function]: spl_autoload_call('App\\Controllers...')
#5 /opt/lampp/htdocs/TuringMachine/system/CodeIgniter.php(869): class_exists('\\App\\Controller...', true)
#6 /opt/lampp/htdocs/TuringMachine/system/CodeIgniter.php(394): CodeIgniter\CodeIgniter->startController()
#7 /opt/lampp/htdocs/TuringMachine/system/CodeIgniter.php(312): CodeIgniter\CodeIgniter->handleRequest(NULL, Object(Config\Cache), false)
#8 /opt/lampp/htdocs/TuringMachine/public/index.php(45): CodeIgniter\CodeIgniter->run()
#9 {main}
CRITICAL - 2020-11-07 14:54:11 --> Class 'App\Controllers\BaseController' not found
#0 /opt/lampp/htdocs/TuringMachine/system/Autoloader/Autoloader.php(365): require_once()
#1 /opt/lampp/htdocs/TuringMachine/system/Autoloader/Autoloader.php(296): CodeIgniter\Autoloader\Autoloader->requireFile('/opt/lampp/htdo...')
#2 /opt/lampp/htdocs/TuringMachine/system/Autoloader/Autoloader.php(258): CodeIgniter\Autoloader\Autoloader->loadInNamespace('App\\Controllers...')
#3 [internal function]: CodeIgniter\Autoloader\Autoloader->loadClass('App\\Controllers...')
#4 [internal function]: spl_autoload_call('App\\Controllers...')
#5 /opt/lampp/htdocs/TuringMachine/system/CodeIgniter.php(869): class_exists('\\App\\Controller...', true)
#6 /opt/lampp/htdocs/TuringMachine/system/CodeIgniter.php(394): CodeIgniter\CodeIgniter->startController()
#7 /opt/lampp/htdocs/TuringMachine/system/CodeIgniter.php(312): CodeIgniter\CodeIgniter->handleRequest(NULL, Object(Config\Cache), false)
#8 /opt/lampp/htdocs/TuringMachine/public/index.php(45): CodeIgniter\CodeIgniter->run()
#9 {main}
CRITICAL - 2020-11-07 14:54:11 --> Class 'App\Controllers\BaseController' not found
#0 /opt/lampp/htdocs/TuringMachine/system/Autoloader/Autoloader.php(365): require_once()
#1 /opt/lampp/htdocs/TuringMachine/system/Autoloader/Autoloader.php(296): CodeIgniter\Autoloader\Autoloader->requireFile('/opt/lampp/htdo...')
#2 /opt/lampp/htdocs/TuringMachine/system/Autoloader/Autoloader.php(258): CodeIgniter\Autoloader\Autoloader->loadInNamespace('App\\Controllers...')
#3 [internal function]: CodeIgniter\Autoloader\Autoloader->loadClass('App\\Controllers...')
#4 [internal function]: spl_autoload_call('App\\Controllers...')
#5 /opt/lampp/htdocs/TuringMachine/system/CodeIgniter.php(869): class_exists('\\App\\Controller...', true)
#6 /opt/lampp/htdocs/TuringMachine/system/CodeIgniter.php(394): CodeIgniter\CodeIgniter->startController()
#7 /opt/lampp/htdocs/TuringMachine/system/CodeIgniter.php(312): CodeIgniter\CodeIgniter->handleRequest(NULL, Object(Config\Cache), false)
#8 /opt/lampp/htdocs/TuringMachine/public/index.php(45): CodeIgniter\CodeIgniter->run()
#9 {main}
CRITICAL - 2020-11-07 14:54:12 --> Class 'App\Controllers\BaseController' not found
#0 /opt/lampp/htdocs/TuringMachine/system/Autoloader/Autoloader.php(365): require_once()
#1 /opt/lampp/htdocs/TuringMachine/system/Autoloader/Autoloader.php(296): CodeIgniter\Autoloader\Autoloader->requireFile('/opt/lampp/htdo...')
#2 /opt/lampp/htdocs/TuringMachine/system/Autoloader/Autoloader.php(258): CodeIgniter\Autoloader\Autoloader->loadInNamespace('App\\Controllers...')
#3 [internal function]: CodeIgniter\Autoloader\Autoloader->loadClass('App\\Controllers...')
#4 [internal function]: spl_autoload_call('App\\Controllers...')
#5 /opt/lampp/htdocs/TuringMachine/system/CodeIgniter.php(869): class_exists('\\App\\Controller...', true)
#6 /opt/lampp/htdocs/TuringMachine/system/CodeIgniter.php(394): CodeIgniter\CodeIgniter->startController()
#7 /opt/lampp/htdocs/TuringMachine/system/CodeIgniter.php(312): CodeIgniter\CodeIgniter->handleRequest(NULL, Object(Config\Cache), false)
#8 /opt/lampp/htdocs/TuringMachine/public/index.php(45): CodeIgniter\CodeIgniter->run()
#9 {main}
CRITICAL - 2020-11-07 14:54:12 --> Class 'App\Controllers\BaseController' not found
#0 /opt/lampp/htdocs/TuringMachine/system/Autoloader/Autoloader.php(365): require_once()
#1 /opt/lampp/htdocs/TuringMachine/system/Autoloader/Autoloader.php(296): CodeIgniter\Autoloader\Autoloader->requireFile('/opt/lampp/htdo...')
#2 /opt/lampp/htdocs/TuringMachine/system/Autoloader/Autoloader.php(258): CodeIgniter\Autoloader\Autoloader->loadInNamespace('App\\Controllers...')
#3 [internal function]: CodeIgniter\Autoloader\Autoloader->loadClass('App\\Controllers...')
#4 [internal function]: spl_autoload_call('App\\Controllers...')
#5 /opt/lampp/htdocs/TuringMachine/system/CodeIgniter.php(869): class_exists('\\App\\Controller...', true)
#6 /opt/lampp/htdocs/TuringMachine/system/CodeIgniter.php(394): CodeIgniter\CodeIgniter->startController()
#7 /opt/lampp/htdocs/TuringMachine/system/CodeIgniter.php(312): CodeIgniter\CodeIgniter->handleRequest(NULL, Object(Config\Cache), false)
#8 /opt/lampp/htdocs/TuringMachine/public/index.php(45): CodeIgniter\CodeIgniter->run()
#9 {main}
CRITICAL - 2020-11-07 14:54:12 --> Class 'App\Controllers\BaseController' not found
#0 /opt/lampp/htdocs/TuringMachine/system/Autoloader/Autoloader.php(365): require_once()
#1 /opt/lampp/htdocs/TuringMachine/system/Autoloader/Autoloader.php(296): CodeIgniter\Autoloader\Autoloader->requireFile('/opt/lampp/htdo...')
#2 /opt/lampp/htdocs/TuringMachine/system/Autoloader/Autoloader.php(258): CodeIgniter\Autoloader\Autoloader->loadInNamespace('App\\Controllers...')
#3 [internal function]: CodeIgniter\Autoloader\Autoloader->loadClass('App\\Controllers...')
#4 [internal function]: spl_autoload_call('App\\Controllers...')
#5 /opt/lampp/htdocs/TuringMachine/system/CodeIgniter.php(869): class_exists('\\App\\Controller...', true)
#6 /opt/lampp/htdocs/TuringMachine/system/CodeIgniter.php(394): CodeIgniter\CodeIgniter->startController()
#7 /opt/lampp/htdocs/TuringMachine/system/CodeIgniter.php(312): CodeIgniter\CodeIgniter->handleRequest(NULL, Object(Config\Cache), false)
#8 /opt/lampp/htdocs/TuringMachine/public/index.php(45): CodeIgniter\CodeIgniter->run()
#9 {main}
CRITICAL - 2020-11-07 14:54:12 --> Class 'App\Controllers\BaseController' not found
#0 /opt/lampp/htdocs/TuringMachine/system/Autoloader/Autoloader.php(365): require_once()
#1 /opt/lampp/htdocs/TuringMachine/system/Autoloader/Autoloader.php(296): CodeIgniter\Autoloader\Autoloader->requireFile('/opt/lampp/htdo...')
#2 /opt/lampp/htdocs/TuringMachine/system/Autoloader/Autoloader.php(258): CodeIgniter\Autoloader\Autoloader->loadInNamespace('App\\Controllers...')
#3 [internal function]: CodeIgniter\Autoloader\Autoloader->loadClass('App\\Controllers...')
#4 [internal function]: spl_autoload_call('App\\Controllers...')
#5 /opt/lampp/htdocs/TuringMachine/system/CodeIgniter.php(869): class_exists('\\App\\Controller...', true)
#6 /opt/lampp/htdocs/TuringMachine/system/CodeIgniter.php(394): CodeIgniter\CodeIgniter->startController()
#7 /opt/lampp/htdocs/TuringMachine/system/CodeIgniter.php(312): CodeIgniter\CodeIgniter->handleRequest(NULL, Object(Config\Cache), false)
#8 /opt/lampp/htdocs/TuringMachine/public/index.php(45): CodeIgniter\CodeIgniter->run()
#9 {main}
CRITICAL - 2020-11-07 14:54:12 --> Class 'App\Controllers\BaseController' not found
#0 /opt/lampp/htdocs/TuringMachine/system/Autoloader/Autoloader.php(365): require_once()
#1 /opt/lampp/htdocs/TuringMachine/system/Autoloader/Autoloader.php(296): CodeIgniter\Autoloader\Autoloader->requireFile('/opt/lampp/htdo...')
#2 /opt/lampp/htdocs/TuringMachine/system/Autoloader/Autoloader.php(258): CodeIgniter\Autoloader\Autoloader->loadInNamespace('App\\Controllers...')
#3 [internal function]: CodeIgniter\Autoloader\Autoloader->loadClass('App\\Controllers...')
#4 [internal function]: spl_autoload_call('App\\Controllers...')
#5 /opt/lampp/htdocs/TuringMachine/system/CodeIgniter.php(869): class_exists('\\App\\Controller...', true)
#6 /opt/lampp/htdocs/TuringMachine/system/CodeIgniter.php(394): CodeIgniter\CodeIgniter->startController()
#7 /opt/lampp/htdocs/TuringMachine/system/CodeIgniter.php(312): CodeIgniter\CodeIgniter->handleRequest(NULL, Object(Config\Cache), false)
#8 /opt/lampp/htdocs/TuringMachine/public/index.php(45): CodeIgniter\CodeIgniter->run()
#9 {main}
CRITICAL - 2020-11-07 14:54:13 --> Class 'App\Controllers\BaseController' not found
#0 /opt/lampp/htdocs/TuringMachine/system/Autoloader/Autoloader.php(365): require_once()
#1 /opt/lampp/htdocs/TuringMachine/system/Autoloader/Autoloader.php(296): CodeIgniter\Autoloader\Autoloader->requireFile('/opt/lampp/htdo...')
#2 /opt/lampp/htdocs/TuringMachine/system/Autoloader/Autoloader.php(258): CodeIgniter\Autoloader\Autoloader->loadInNamespace('App\\Controllers...')
#3 [internal function]: CodeIgniter\Autoloader\Autoloader->loadClass('App\\Controllers...')
#4 [internal function]: spl_autoload_call('App\\Controllers...')
#5 /opt/lampp/htdocs/TuringMachine/system/CodeIgniter.php(869): class_exists('\\App\\Controller...', true)
#6 /opt/lampp/htdocs/TuringMachine/system/CodeIgniter.php(394): CodeIgniter\CodeIgniter->startController()
#7 /opt/lampp/htdocs/TuringMachine/system/CodeIgniter.php(312): CodeIgniter\CodeIgniter->handleRequest(NULL, Object(Config\Cache), false)
#8 /opt/lampp/htdocs/TuringMachine/public/index.php(45): CodeIgniter\CodeIgniter->run()
#9 {main}
CRITICAL - 2020-11-07 14:54:13 --> Class 'App\Controllers\BaseController' not found
#0 /opt/lampp/htdocs/TuringMachine/system/Autoloader/Autoloader.php(365): require_once()
#1 /opt/lampp/htdocs/TuringMachine/system/Autoloader/Autoloader.php(296): CodeIgniter\Autoloader\Autoloader->requireFile('/opt/lampp/htdo...')
#2 /opt/lampp/htdocs/TuringMachine/system/Autoloader/Autoloader.php(258): CodeIgniter\Autoloader\Autoloader->loadInNamespace('App\\Controllers...')
#3 [internal function]: CodeIgniter\Autoloader\Autoloader->loadClass('App\\Controllers...')
#4 [internal function]: spl_autoload_call('App\\Controllers...')
#5 /opt/lampp/htdocs/TuringMachine/system/CodeIgniter.php(869): class_exists('\\App\\Controller...', true)
#6 /opt/lampp/htdocs/TuringMachine/system/CodeIgniter.php(394): CodeIgniter\CodeIgniter->startController()
#7 /opt/lampp/htdocs/TuringMachine/system/CodeIgniter.php(312): CodeIgniter\CodeIgniter->handleRequest(NULL, Object(Config\Cache), false)
#8 /opt/lampp/htdocs/TuringMachine/public/index.php(45): CodeIgniter\CodeIgniter->run()
#9 {main}
CRITICAL - 2020-11-07 14:54:13 --> Class 'App\Controllers\BaseController' not found
#0 /opt/lampp/htdocs/TuringMachine/system/Autoloader/Autoloader.php(365): require_once()
#1 /opt/lampp/htdocs/TuringMachine/system/Autoloader/Autoloader.php(296): CodeIgniter\Autoloader\Autoloader->requireFile('/opt/lampp/htdo...')
#2 /opt/lampp/htdocs/TuringMachine/system/Autoloader/Autoloader.php(258): CodeIgniter\Autoloader\Autoloader->loadInNamespace('App\\Controllers...')
#3 [internal function]: CodeIgniter\Autoloader\Autoloader->loadClass('App\\Controllers...')
#4 [internal function]: spl_autoload_call('App\\Controllers...')
#5 /opt/lampp/htdocs/TuringMachine/system/CodeIgniter.php(869): class_exists('\\App\\Controller...', true)
#6 /opt/lampp/htdocs/TuringMachine/system/CodeIgniter.php(394): CodeIgniter\CodeIgniter->startController()
#7 /opt/lampp/htdocs/TuringMachine/system/CodeIgniter.php(312): CodeIgniter\CodeIgniter->handleRequest(NULL, Object(Config\Cache), false)
#8 /opt/lampp/htdocs/TuringMachine/public/index.php(45): CodeIgniter\CodeIgniter->run()
#9 {main}
CRITICAL - 2020-11-07 14:54:13 --> Class 'App\Controllers\BaseController' not found
#0 /opt/lampp/htdocs/TuringMachine/system/Autoloader/Autoloader.php(365): require_once()
#1 /opt/lampp/htdocs/TuringMachine/system/Autoloader/Autoloader.php(296): CodeIgniter\Autoloader\Autoloader->requireFile('/opt/lampp/htdo...')
#2 /opt/lampp/htdocs/TuringMachine/system/Autoloader/Autoloader.php(258): CodeIgniter\Autoloader\Autoloader->loadInNamespace('App\\Controllers...')
#3 [internal function]: CodeIgniter\Autoloader\Autoloader->loadClass('App\\Controllers...')
#4 [internal function]: spl_autoload_call('App\\Controllers...')
#5 /opt/lampp/htdocs/TuringMachine/system/CodeIgniter.php(869): class_exists('\\App\\Controller...', true)
#6 /opt/lampp/htdocs/TuringMachine/system/CodeIgniter.php(394): CodeIgniter\CodeIgniter->startController()
#7 /opt/lampp/htdocs/TuringMachine/system/CodeIgniter.php(312): CodeIgniter\CodeIgniter->handleRequest(NULL, Object(Config\Cache), false)
#8 /opt/lampp/htdocs/TuringMachine/public/index.php(45): CodeIgniter\CodeIgniter->run()
#9 {main}
CRITICAL - 2020-11-07 14:54:20 --> Class 'App\Controllers\BaseController' not found
#0 /opt/lampp/htdocs/TuringMachine/system/Autoloader/Autoloader.php(365): require_once()
#1 /opt/lampp/htdocs/TuringMachine/system/Autoloader/Autoloader.php(296): CodeIgniter\Autoloader\Autoloader->requireFile('/opt/lampp/htdo...')
#2 /opt/lampp/htdocs/TuringMachine/system/Autoloader/Autoloader.php(258): CodeIgniter\Autoloader\Autoloader->loadInNamespace('App\\Controllers...')
#3 [internal function]: CodeIgniter\Autoloader\Autoloader->loadClass('App\\Controllers...')
#4 [internal function]: spl_autoload_call('App\\Controllers...')
#5 /opt/lampp/htdocs/TuringMachine/system/CodeIgniter.php(869): class_exists('\\App\\Controller...', true)
#6 /opt/lampp/htdocs/TuringMachine/system/CodeIgniter.php(394): CodeIgniter\CodeIgniter->startController()
#7 /opt/lampp/htdocs/TuringMachine/system/CodeIgniter.php(312): CodeIgniter\CodeIgniter->handleRequest(NULL, Object(Config\Cache), false)
#8 /opt/lampp/htdocs/TuringMachine/public/index.php(45): CodeIgniter\CodeIgniter->run()
#9 {main}
